<?xml version="1.0" encoding="UTF-8"?>
<!-- Generated by org.testng.reporters.JUnitReportReporter -->
<testsuite hostname="LAPTOP-LN98IHI1" failures="0" tests="1" name="com.ShoppersStack_testScripts.Verify_User_Is_Able_To_Delete_Address_Test" time="45.600" errors="0" timestamp="2024-04-17T11:03:50 IST" skipped="0">
  <testcase classname="com.ShoppersStack_testScripts.Verify_User_Is_Able_To_Delete_Address_Test" name="addAddress" time="45.600"/>
</testsuite> <!-- com.ShoppersStack_testScripts.Verify_User_Is_Able_To_Delete_Address_Test -->
