<?xml version="1.0" encoding="UTF-8"?>
<!-- Generated by org.testng.reporters.JUnitReportReporter -->
<testsuite hostname="LAPTOP-LN98IHI1" failures="0" tests="1" name="com.ShoppersStack_testScripts.VerifY_is_User_Is_able_to_add_address_Test" time="55.069" errors="0" timestamp="2024-04-17T11:00:34 IST" skipped="0">
  <testcase classname="com.ShoppersStack_testScripts.VerifY_is_User_Is_able_to_add_address_Test" name="addAddress" time="55.069"/>
</testsuite> <!-- com.ShoppersStack_testScripts.VerifY_is_User_Is_able_to_add_address_Test -->
